Using pre-set license
Built from '2020.3/release' branch; Version is '2020.3.1f1 (77a89f25062f) revision 7841951'; Using compiler version '192528614'; Build Type 'Release'
OS: 'Windows 10 Pro; OS build 19042.1348; Version 2009; 64bit' Language: 'en' Physical Memory: 16336 MB
BatchMode: 1, IsHumanControllingUs: 0, StartBugReporterOnCrash: 0, Is64bit: 1, IsPro: 0

 COMMAND LINE ARGUMENTS:
I:\Program Files (x86)\Unity\2020.3.1f1\2020.3.1f1\Editor\Unity.exe
-adb2
-batchMode
-noUpm
-name
AssetImportWorker0
-projectPath
I:/Unity/CSP_Queen
-logFile
Logs/AssetImportWorker0.log
-srvPort
6692
Successfully changed project path to: I:/Unity/CSP_Queen
I:/Unity/CSP_Queen
Using Asset Import Pipeline V2.
Refreshing native plugins compatible for Editor in 38.62 ms, found 1 plugins.
Preloading 0 native plugins for Editor in 0.00 ms.
Initialize engine version: 2020.3.1f1 (77a89f25062f)
[Subsystems] Discovering subsystems at path I:/Program Files (x86)/Unity/2020.3.1f1/2020.3.1f1/Editor/Data/Resources/UnitySubsystems
[Subsystems] Discovering subsystems at path I:/Unity/CSP_Queen/Assets
GfxDevice: creating device client; threaded=0
Direct3D:
    Version:  Direct3D 11.0 [level 11.1]
    Renderer: NVIDIA GeForce GTX 1060 6GB (ID=0x1c03)
    Vendor:   
    VRAM:     6052 MB
    Driver:   26.21.14.3200
Initialize mono
Mono path[0] = 'I:/Program Files (x86)/Unity/2020.3.1f1/2020.3.1f1/Editor/Data/Managed'
Mono path[1] = 'I:/Program Files (x86)/Unity/2020.3.1f1/2020.3.1f1/Editor/Data/MonoBleedingEdge/lib/mono/unityjit'
Mono config path = 'I:/Program Files (x86)/Unity/2020.3.1f1/2020.3.1f1/Editor/Data/MonoBleedingEdge/etc'
Using monoOptions --debugger-agent=transport=dt_socket,embedding=1,server=y,suspend=n,address=127.0.0.1:56280
Begin MonoManager ReloadAssembly
Registering precompiled unity dll's ...
Register platform support module: I:/Program Files (x86)/Unity/2020.3.1f1/2020.3.1f1/Editor/Data/PlaybackEngines/WindowsStandaloneSupport/UnityEditor.WindowsStandalone.Extensions.dll
Registered in 0.001435 seconds.
Native extension for WindowsStandalone target not found
Refreshing native plugins compatible for Editor in 37.96 ms, found 1 plugins.
Preloading 0 native plugins for Editor in 0.00 ms.
Invoked RoslynAnalysisRunner static constructor.
RoslynAnalysisRunner will not be running.
RoslynAnalysisRunner has terminated.
Mono: successfully reloaded assembly
- Completed reload, in  2.635 seconds
Platform modules already initialized, skipping
Registering precompiled user dll's ...
Registered in 0.001019 seconds.
Begin MonoManager ReloadAssembly
Native extension for WindowsStandalone target not found
Refreshing native plugins compatible for Editor in 39.37 ms, found 1 plugins.
Preloading 0 native plugins for Editor in 0.00 ms.
Invoked RoslynAnalysisRunner static constructor.
RoslynAnalysisRunner will not be running.
RoslynAnalysisRunner has terminated.
Mono: successfully reloaded assembly
- Completed reload, in  1.040 seconds
Platform modules already initialized, skipping
========================================================================
Worker process is ready to serve import requests
Launched and connected shader compiler UnityShaderCompiler.exe after 0.04 seconds
Refreshing native plugins compatible for Editor in 0.40 ms, found 1 plugins.
Preloading 0 native plugins for Editor in 0.00 ms.
Unloading 1810 Unused Serialized files (Serialized files now loaded: 0)
System memory in use before: 84.7 MB.
System memory in use after: 84.7 MB.

Unloading 24 unused Assets to reduce memory usage. Loaded Objects now: 2253.
Total: 2.433500 ms (FindLiveObjects: 0.238900 ms CreateObjectMapping: 0.048500 ms MarkObjects: 1.998800 ms  DeleteObjects: 0.145700 ms)

========================================================================
Received Import Request.
  path: Assets/Scripts/CSP.cs
  artifactKey: Guid(e570fb960de02dd43939258b44061570) Importer(815301076,1909f56bfc062723c751e8b465ee728b)
Start importing Assets/Scripts/CSP.cs using Guid(e570fb960de02dd43939258b44061570) Importer(815301076,1909f56bfc062723c751e8b465ee728b)  -> (artifact id: '37ab3c7c561e90e0bd9c4b006c7d9c95') in 0.041141 seconds
  Import took 0.044376 seconds .

========================================================================
Received Import Request.
  Time since last request: 2324.072448 seconds.
  path: Assets/Scripts/CSP.cs
  artifactKey: Guid(e570fb960de02dd43939258b44061570) Importer(815301076,1909f56bfc062723c751e8b465ee728b)
Start importing Assets/Scripts/CSP.cs using Guid(e570fb960de02dd43939258b44061570) Importer(815301076,1909f56bfc062723c751e8b465ee728b)  -> (artifact id: '0ea81b08ef3d2b0230dde7545a7078d1') in 0.007374 seconds
  Import took 0.010686 seconds .

========================================================================
Received Import Request.
  Time since last request: 0.003023 seconds.
  path: Assets/Scripts/CSP.cs
  artifactKey: Guid(e570fb960de02dd43939258b44061570) Importer(815301076,1909f56bfc062723c751e8b465ee728b)
Start importing Assets/Scripts/CSP.cs using Guid(e570fb960de02dd43939258b44061570) Importer(815301076,1909f56bfc062723c751e8b465ee728b)  -> (artifact id: '0ea81b08ef3d2b0230dde7545a7078d1') in 0.003385 seconds
  Import took 0.006467 seconds .

========================================================================
Received Import Request.
  Time since last request: 18.172542 seconds.
  path: Assets/Scripts/CSP.cs
  artifactKey: Guid(e570fb960de02dd43939258b44061570) Importer(815301076,1909f56bfc062723c751e8b465ee728b)
Start importing Assets/Scripts/CSP.cs using Guid(e570fb960de02dd43939258b44061570) Importer(815301076,1909f56bfc062723c751e8b465ee728b)  -> (artifact id: '195c6a3fc0afa0fca4d13295f75d9be6') in 0.002586 seconds
  Import took 0.005630 seconds .

========================================================================
Received Import Request.
  Time since last request: 16.823108 seconds.
  path: Assets/Scripts/CSP.cs
  artifactKey: Guid(e570fb960de02dd43939258b44061570) Importer(815301076,1909f56bfc062723c751e8b465ee728b)
Start importing Assets/Scripts/CSP.cs using Guid(e570fb960de02dd43939258b44061570) Importer(815301076,1909f56bfc062723c751e8b465ee728b)  -> (artifact id: '6b93f15c5ce69c8b16aa87c8077285be') in 0.003935 seconds
  Import took 0.006970 seconds .

========================================================================
Received Import Request.
  Time since last request: 0.004283 seconds.
  path: Assets/Scripts/CSP.cs
  artifactKey: Guid(e570fb960de02dd43939258b44061570) Importer(815301076,1909f56bfc062723c751e8b465ee728b)
Start importing Assets/Scripts/CSP.cs using Guid(e570fb960de02dd43939258b44061570) Importer(815301076,1909f56bfc062723c751e8b465ee728b)  -> (artifact id: '6b93f15c5ce69c8b16aa87c8077285be') in 0.002258 seconds
  Import took 0.005391 seconds .

========================================================================
Received Import Request.
  Time since last request: 5.983333 seconds.
  path: Assets/Scripts/CSP.cs
  artifactKey: Guid(e570fb960de02dd43939258b44061570) Importer(815301076,1909f56bfc062723c751e8b465ee728b)
Start importing Assets/Scripts/CSP.cs using Guid(e570fb960de02dd43939258b44061570) Importer(815301076,1909f56bfc062723c751e8b465ee728b)  -> (artifact id: '6d59e704d3b0eb70a549a1f2b815d49b') in 0.002266 seconds
  Import took 0.005312 seconds .

========================================================================
Received Import Request.
  Time since last request: 2.025653 seconds.
  path: Assets/Scripts/CSP.cs
  artifactKey: Guid(e570fb960de02dd43939258b44061570) Importer(815301076,1909f56bfc062723c751e8b465ee728b)
Start importing Assets/Scripts/CSP.cs using Guid(e570fb960de02dd43939258b44061570) Importer(815301076,1909f56bfc062723c751e8b465ee728b)  -> (artifact id: 'bbd90254c0fc744027b8b982de54c36a') in 0.002317 seconds
  Import took 0.005468 seconds .

========================================================================
Received Import Request.
  Time since last request: 9.215280 seconds.
  path: Assets/Scripts/CSP.cs
  artifactKey: Guid(e570fb960de02dd43939258b44061570) Importer(815301076,1909f56bfc062723c751e8b465ee728b)
Start importing Assets/Scripts/CSP.cs using Guid(e570fb960de02dd43939258b44061570) Importer(815301076,1909f56bfc062723c751e8b465ee728b)  -> (artifact id: 'f33b854d2e03e4181586a066c288236b') in 0.002353 seconds
  Import took 0.005454 seconds .

========================================================================
Received Import Request.
  Time since last request: 18.176030 seconds.
  path: Assets/Scripts/CSP.cs
  artifactKey: Guid(e570fb960de02dd43939258b44061570) Importer(815301076,1909f56bfc062723c751e8b465ee728b)
Start importing Assets/Scripts/CSP.cs using Guid(e570fb960de02dd43939258b44061570) Importer(815301076,1909f56bfc062723c751e8b465ee728b)  -> (artifact id: '087c891d06d24489c93a075ad4126131') in 0.002594 seconds
  Import took 0.011413 seconds .

========================================================================
Received Import Request.
  Time since last request: 16.436025 seconds.
  path: Assets/Scripts/CSP.cs
  artifactKey: Guid(e570fb960de02dd43939258b44061570) Importer(815301076,1909f56bfc062723c751e8b465ee728b)
Start importing Assets/Scripts/CSP.cs using Guid(e570fb960de02dd43939258b44061570) Importer(815301076,1909f56bfc062723c751e8b465ee728b)  -> (artifact id: 'c8f3b5ab308aaf698bd783dccbf9fd62') in 0.002658 seconds
  Import took 0.005973 seconds .

========================================================================
Received Import Request.
  Time since last request: 0.003950 seconds.
  path: Assets/Scripts/CSP.cs
  artifactKey: Guid(e570fb960de02dd43939258b44061570) Importer(815301076,1909f56bfc062723c751e8b465ee728b)
Start importing Assets/Scripts/CSP.cs using Guid(e570fb960de02dd43939258b44061570) Importer(815301076,1909f56bfc062723c751e8b465ee728b)  -> (artifact id: 'c8f3b5ab308aaf698bd783dccbf9fd62') in 0.002265 seconds
  Import took 0.005812 seconds .

========================================================================
Received Import Request.
  Time since last request: 12.591215 seconds.
  path: Assets/Scripts/CSP.cs
  artifactKey: Guid(e570fb960de02dd43939258b44061570) Importer(815301076,1909f56bfc062723c751e8b465ee728b)
Start importing Assets/Scripts/CSP.cs using Guid(e570fb960de02dd43939258b44061570) Importer(815301076,1909f56bfc062723c751e8b465ee728b)  -> (artifact id: '35f5f3a759216a5e66e2a8ec364773d7') in 0.002387 seconds
  Import took 0.005446 seconds .

========================================================================
Received Import Request.
  Time since last request: 0.003957 seconds.
  path: Assets/Scripts/CSP.cs
  artifactKey: Guid(e570fb960de02dd43939258b44061570) Importer(815301076,1909f56bfc062723c751e8b465ee728b)
Start importing Assets/Scripts/CSP.cs using Guid(e570fb960de02dd43939258b44061570) Importer(815301076,1909f56bfc062723c751e8b465ee728b)  -> (artifact id: '35f5f3a759216a5e66e2a8ec364773d7') in 0.002437 seconds
  Import took 0.005631 seconds .

========================================================================
Received Import Request.
  Time since last request: 3.330826 seconds.
  path: Assets/Scripts/CSP.cs
  artifactKey: Guid(e570fb960de02dd43939258b44061570) Importer(815301076,1909f56bfc062723c751e8b465ee728b)
Start importing Assets/Scripts/CSP.cs using Guid(e570fb960de02dd43939258b44061570) Importer(815301076,1909f56bfc062723c751e8b465ee728b)  -> (artifact id: '72a85af63b07f078ea7c04cc4e31ef08') in 0.002311 seconds
  Import took 0.015804 seconds .

========================================================================
Received Import Request.
  Time since last request: 1.997846 seconds.
  path: Assets/Scripts/CSP.cs
  artifactKey: Guid(e570fb960de02dd43939258b44061570) Importer(815301076,1909f56bfc062723c751e8b465ee728b)
Start importing Assets/Scripts/CSP.cs using Guid(e570fb960de02dd43939258b44061570) Importer(815301076,1909f56bfc062723c751e8b465ee728b)  -> (artifact id: '33352b6159c1beb7eb782bae5ada20db') in 0.002527 seconds
  Import took 0.005902 seconds .

========================================================================
Received Prepare
Registering precompiled user dll's ...
Registered in 0.001084 seconds.
Begin MonoManager ReloadAssembly
Native extension for WindowsStandalone target not found
Refreshing native plugins compatible for Editor in 0.40 ms, found 1 plugins.
Preloading 0 native plugins for Editor in 0.00 ms.
Invoked RoslynAnalysisRunner static constructor.
RoslynAnalysisRunner will not be running.
RoslynAnalysisRunner has terminated.
Mono: successfully reloaded assembly
- Completed reload, in  0.926 seconds
Platform modules already initialized, skipping
Refreshing native plugins compatible for Editor in 0.39 ms, found 1 plugins.
Preloading 0 native plugins for Editor in 0.00 ms.
Unloading 1805 Unused Serialized files (Serialized files now loaded: 0)
System memory in use before: 84.7 MB.
System memory in use after: 84.7 MB.

Unloading 12 unused Assets to reduce memory usage. Loaded Objects now: 2257.
Total: 2.782400 ms (FindLiveObjects: 0.330100 ms CreateObjectMapping: 0.074700 ms MarkObjects: 2.238500 ms  DeleteObjects: 0.137700 ms)

========================================================================
Received Prepare
Registering precompiled user dll's ...
Registered in 0.001081 seconds.
Begin MonoManager ReloadAssembly
Native extension for WindowsStandalone target not found
Refreshing native plugins compatible for Editor in 0.41 ms, found 1 plugins.
Preloading 0 native plugins for Editor in 0.00 ms.
Invoked RoslynAnalysisRunner static constructor.
RoslynAnalysisRunner will not be running.
RoslynAnalysisRunner has terminated.
Mono: successfully reloaded assembly
- Completed reload, in  0.913 seconds
Platform modules already initialized, skipping
Refreshing native plugins compatible for Editor in 0.43 ms, found 1 plugins.
Preloading 0 native plugins for Editor in 0.00 ms.
Unloading 1805 Unused Serialized files (Serialized files now loaded: 0)
System memory in use before: 84.7 MB.
System memory in use after: 84.7 MB.

Unloading 12 unused Assets to reduce memory usage. Loaded Objects now: 2261.
Total: 2.654600 ms (FindLiveObjects: 0.346500 ms CreateObjectMapping: 0.058500 ms MarkObjects: 2.106800 ms  DeleteObjects: 0.141700 ms)

AssetImportWorkerClient::OnTransportError - code=2 error=End of file
